Performing C SOURCE FILE Test C_SUPPORTS_WERROR_UNGUARDED_AVAILABILITY_NEW failed with the following output:
Change Dir: /home/lyon/ws/MLC/mlir-tutorial/mlir-toy/CMakeFiles/CMakeTmp

Run Build Command(s):/usr/bin/gmake -f Makefile cmTC_d8a89/fast && /usr/bin/gmake  -f CMakeFiles/cmTC_d8a89.dir/build.make CMakeFiles/cmTC_d8a89.dir/build
gmake[1]: Entering directory '/home/lyon/ws/MLC/mlir-tutorial/mlir-toy/CMakeFiles/CMakeTmp'
Building C object CMakeFiles/cmTC_d8a89.dir/src.c.o
/usr/bin/cc -DC_SUPPORTS_WERROR_UNGUARDED_AVAILABILITY_NEW  -fPIC -fno-semantic-interposition -Werror=date-time    -Werror -Werror=unguarded-availability-new -o CMakeFiles/cmTC_d8a89.dir/src.c.o -c /home/lyon/ws/MLC/mlir-tutorial/mlir-toy/CMakeFiles/CMakeTmp/src.c
cc1: error: '-Werror=unguarded-availability-new': no option '-Wunguarded-availability-new'
gmake[1]: *** [CMakeFiles/cmTC_d8a89.dir/build.make:78: CMakeFiles/cmTC_d8a89.dir/src.c.o] Error 1
gmake[1]: Leaving directory '/home/lyon/ws/MLC/mlir-tutorial/mlir-toy/CMakeFiles/CMakeTmp'
gmake: *** [Makefile:127: cmTC_d8a89/fast] Error 2


Source file was:
int main(void) { return 0; }
Performing C++ SOURCE FILE Test CXX_SUPPORTS_WERROR_UNGUARDED_AVAILABILITY_NEW failed with the following output:
Change Dir: /home/lyon/ws/MLC/mlir-tutorial/mlir-toy/CMakeFiles/CMakeTmp

Run Build Command(s):/usr/bin/gmake -f Makefile cmTC_f2201/fast && /usr/bin/gmake  -f CMakeFiles/cmTC_f2201.dir/build.make CMakeFiles/cmTC_f2201.dir/build
gmake[1]: Entering directory '/home/lyon/ws/MLC/mlir-tutorial/mlir-toy/CMakeFiles/CMakeTmp'
Building CXX object CMakeFiles/cmTC_f2201.dir/src.cxx.o
/usr/bin/c++ -DCXX_SUPPORTS_WERROR_UNGUARDED_AVAILABILITY_NEW  -fPIC -fno-semantic-interposition -fvisibility-inlines-hidden -Werror=date-time    -Werror -Werror=unguarded-availability-new -std=gnu++17 -o CMakeFiles/cmTC_f2201.dir/src.cxx.o -c /home/lyon/ws/MLC/mlir-tutorial/mlir-toy/CMakeFiles/CMakeTmp/src.cxx
cc1plus: error: '-Werror=unguarded-availability-new': no option '-Wunguarded-availability-new'
gmake[1]: *** [CMakeFiles/cmTC_f2201.dir/build.make:78: CMakeFiles/cmTC_f2201.dir/src.cxx.o] Error 1
gmake[1]: Leaving directory '/home/lyon/ws/MLC/mlir-tutorial/mlir-toy/CMakeFiles/CMakeTmp'
gmake: *** [Makefile:127: cmTC_f2201/fast] Error 2


Source file was:
int main() { return 0; }
Performing C SOURCE FILE Test C_SUPPORTS_COVERED_SWITCH_DEFAULT_FLAG failed with the following output:
Change Dir: /home/lyon/ws/MLC/mlir-tutorial/mlir-toy/CMakeFiles/CMakeTmp

Run Build Command(s):/usr/bin/gmake -f Makefile cmTC_5622c/fast && /usr/bin/gmake  -f CMakeFiles/cmTC_5622c.dir/build.make CMakeFiles/cmTC_5622c.dir/build
gmake[1]: Entering directory '/home/lyon/ws/MLC/mlir-tutorial/mlir-toy/CMakeFiles/CMakeTmp'
Building C object CMakeFiles/cmTC_5622c.dir/src.c.o
/usr/bin/cc -DC_SUPPORTS_COVERED_SWITCH_DEFAULT_FLAG  -fPIC -fno-semantic-interposition -Werror=date-time -fno-lifetime-dse -Wall -Wextra -Wno-unused-parameter -Wwrite-strings -Wcast-qual -Wno-missing-field-initializers -Wimplicit-fallthrough    -Werror -Wcovered-switch-default -o CMakeFiles/cmTC_5622c.dir/src.c.o -c /home/lyon/ws/MLC/mlir-tutorial/mlir-toy/CMakeFiles/CMakeTmp/src.c
cc: error: unrecognized command-line option '-Wcovered-switch-default'; did you mean '-Wno-switch-default'?
gmake[1]: *** [CMakeFiles/cmTC_5622c.dir/build.make:78: CMakeFiles/cmTC_5622c.dir/src.c.o] Error 1
gmake[1]: Leaving directory '/home/lyon/ws/MLC/mlir-tutorial/mlir-toy/CMakeFiles/CMakeTmp'
gmake: *** [Makefile:127: cmTC_5622c/fast] Error 2


Source file was:
int main(void) { return 0; }
Performing C++ SOURCE FILE Test CXX_SUPPORTS_COVERED_SWITCH_DEFAULT_FLAG failed with the following output:
Change Dir: /home/lyon/ws/MLC/mlir-tutorial/mlir-toy/CMakeFiles/CMakeTmp

Run Build Command(s):/usr/bin/gmake -f Makefile cmTC_37065/fast && /usr/bin/gmake  -f CMakeFiles/cmTC_37065.dir/build.make CMakeFiles/cmTC_37065.dir/build
gmake[1]: Entering directory '/home/lyon/ws/MLC/mlir-tutorial/mlir-toy/CMakeFiles/CMakeTmp'
Building CXX object CMakeFiles/cmTC_37065.dir/src.cxx.o
/usr/bin/c++ -DCXX_SUPPORTS_COVERED_SWITCH_DEFAULT_FLAG  -fPIC -fno-semantic-interposition -fvisibility-inlines-hidden -Werror=date-time -fno-lifetime-dse -Wall -Wextra -Wno-unused-parameter -Wwrite-strings -Wcast-qual -Wno-missing-field-initializers -Wimplicit-fallthrough    -Werror -Wcovered-switch-default -std=gnu++17 -o CMakeFiles/cmTC_37065.dir/src.cxx.o -c /home/lyon/ws/MLC/mlir-tutorial/mlir-toy/CMakeFiles/CMakeTmp/src.cxx
c++: error: unrecognized command-line option '-Wcovered-switch-default'; did you mean '-Wno-switch-default'?
gmake[1]: *** [CMakeFiles/cmTC_37065.dir/build.make:78: CMakeFiles/cmTC_37065.dir/src.cxx.o] Error 1
gmake[1]: Leaving directory '/home/lyon/ws/MLC/mlir-tutorial/mlir-toy/CMakeFiles/CMakeTmp'
gmake: *** [Makefile:127: cmTC_37065/fast] Error 2


Source file was:
int main() { return 0; }
Performing C++ SOURCE FILE Test CXX_WONT_WARN_ON_FINAL_NONVIRTUALDTOR failed with the following output:
Change Dir: /home/lyon/ws/MLC/mlir-tutorial/mlir-toy/CMakeFiles/CMakeTmp

Run Build Command(s):/usr/bin/gmake -f Makefile cmTC_54508/fast && /usr/bin/gmake  -f CMakeFiles/cmTC_54508.dir/build.make CMakeFiles/cmTC_54508.dir/build
gmake[1]: Entering directory '/home/lyon/ws/MLC/mlir-tutorial/mlir-toy/CMakeFiles/CMakeTmp'
Building CXX object CMakeFiles/cmTC_54508.dir/src.cxx.o
/usr/bin/c++ -DCXX_WONT_WARN_ON_FINAL_NONVIRTUALDTOR  -fPIC -fno-semantic-interposition -fvisibility-inlines-hidden -Werror=date-time -fno-lifetime-dse -Wall -Wextra -Wno-unused-parameter -Wwrite-strings -Wcast-qual -Wno-missing-field-initializers -Wimplicit-fallthrough -Wno-nonnull -Wno-class-memaccess -Wno-redundant-move -Wno-pessimizing-move -Wno-noexcept-type  -Werror=non-virtual-dtor -std=gnu++17 -o CMakeFiles/cmTC_54508.dir/src.cxx.o -c /home/lyon/ws/MLC/mlir-tutorial/mlir-toy/CMakeFiles/CMakeTmp/src.cxx
/home/lyon/ws/MLC/mlir-tutorial/mlir-toy/CMakeFiles/CMakeTmp/src.cxx:2:36: error: ‘class base’ has virtual functions and accessible non-virtual destructor [-Werror=non-virtual-dtor]
    2 |                              class base {friend f; public: virtual void anchor();protected: ~base();};
      |                                    ^~~~
cc1plus: some warnings being treated as errors
gmake[1]: *** [CMakeFiles/cmTC_54508.dir/build.make:78: CMakeFiles/cmTC_54508.dir/src.cxx.o] Error 1
gmake[1]: Leaving directory '/home/lyon/ws/MLC/mlir-tutorial/mlir-toy/CMakeFiles/CMakeTmp'
gmake: *** [Makefile:127: cmTC_54508/fast] Error 2


Source file was:
class f {};
                             class base {friend f; public: virtual void anchor();protected: ~base();};
                             int main() { return 0; }
Performing C SOURCE FILE Test C_WCOMMENT_ALLOWS_LINE_WRAP failed with the following output:
Change Dir: /home/lyon/ws/MLC/mlir-tutorial/mlir-toy/CMakeFiles/CMakeTmp

Run Build Command(s):/usr/bin/gmake -f Makefile cmTC_ad302/fast && /usr/bin/gmake  -f CMakeFiles/cmTC_ad302.dir/build.make CMakeFiles/cmTC_ad302.dir/build
gmake[1]: Entering directory '/home/lyon/ws/MLC/mlir-tutorial/mlir-toy/CMakeFiles/CMakeTmp'
Building C object CMakeFiles/cmTC_ad302.dir/src.c.o
/usr/bin/cc -DC_WCOMMENT_ALLOWS_LINE_WRAP  -fPIC -fno-semantic-interposition -Werror=date-time -fno-lifetime-dse -Wall -Wextra -Wno-unused-parameter -Wwrite-strings -Wcast-qual -Wno-missing-field-initializers -Wimplicit-fallthrough  -Werror -Wcomment -o CMakeFiles/cmTC_ad302.dir/src.c.o -c /home/lyon/ws/MLC/mlir-tutorial/mlir-toy/CMakeFiles/CMakeTmp/src.c
/home/lyon/ws/MLC/mlir-tutorial/mlir-toy/CMakeFiles/CMakeTmp/src.c:1:1: error: multi-line comment [-Werror=comment]
    1 | // \
      | ^
cc1: all warnings being treated as errors
gmake[1]: *** [CMakeFiles/cmTC_ad302.dir/build.make:78: CMakeFiles/cmTC_ad302.dir/src.c.o] Error 1
gmake[1]: Leaving directory '/home/lyon/ws/MLC/mlir-tutorial/mlir-toy/CMakeFiles/CMakeTmp'
gmake: *** [Makefile:127: cmTC_ad302/fast] Error 2


Source file was:
// \
//
int main(void) {return 0;}
Performing C SOURCE FILE Test C_SUPPORTS_STRING_CONVERSION_FLAG failed with the following output:
Change Dir: /home/lyon/ws/MLC/mlir-tutorial/mlir-toy/CMakeFiles/CMakeTmp

Run Build Command(s):/usr/bin/gmake -f Makefile cmTC_f7389/fast && /usr/bin/gmake  -f CMakeFiles/cmTC_f7389.dir/build.make CMakeFiles/cmTC_f7389.dir/build
gmake[1]: Entering directory '/home/lyon/ws/MLC/mlir-tutorial/mlir-toy/CMakeFiles/CMakeTmp'
Building C object CMakeFiles/cmTC_f7389.dir/src.c.o
/usr/bin/cc -DC_SUPPORTS_STRING_CONVERSION_FLAG  -fPIC -fno-semantic-interposition -Werror=date-time -fno-lifetime-dse -Wall -Wextra -Wno-unused-parameter -Wwrite-strings -Wcast-qual -Wno-missing-field-initializers -Wimplicit-fallthrough -Wno-comment    -Werror -Wstring-conversion -o CMakeFiles/cmTC_f7389.dir/src.c.o -c /home/lyon/ws/MLC/mlir-tutorial/mlir-toy/CMakeFiles/CMakeTmp/src.c
cc: error: unrecognized command-line option '-Wstring-conversion'; did you mean '-Wsign-conversion'?
gmake[1]: *** [CMakeFiles/cmTC_f7389.dir/build.make:78: CMakeFiles/cmTC_f7389.dir/src.c.o] Error 1
gmake[1]: Leaving directory '/home/lyon/ws/MLC/mlir-tutorial/mlir-toy/CMakeFiles/CMakeTmp'
gmake: *** [Makefile:127: cmTC_f7389/fast] Error 2


Source file was:
int main(void) { return 0; }
Performing C++ SOURCE FILE Test CXX_SUPPORTS_STRING_CONVERSION_FLAG failed with the following output:
Change Dir: /home/lyon/ws/MLC/mlir-tutorial/mlir-toy/CMakeFiles/CMakeTmp

Run Build Command(s):/usr/bin/gmake -f Makefile cmTC_e7aa9/fast && /usr/bin/gmake  -f CMakeFiles/cmTC_e7aa9.dir/build.make CMakeFiles/cmTC_e7aa9.dir/build
gmake[1]: Entering directory '/home/lyon/ws/MLC/mlir-tutorial/mlir-toy/CMakeFiles/CMakeTmp'
Building CXX object CMakeFiles/cmTC_e7aa9.dir/src.cxx.o
/usr/bin/c++ -DCXX_SUPPORTS_STRING_CONVERSION_FLAG  -fPIC -fno-semantic-interposition -fvisibility-inlines-hidden -Werror=date-time -fno-lifetime-dse -Wall -Wextra -Wno-unused-parameter -Wwrite-strings -Wcast-qual -Wno-missing-field-initializers -Wimplicit-fallthrough -Wno-nonnull -Wno-class-memaccess -Wno-redundant-move -Wno-pessimizing-move -Wno-noexcept-type -Wdelete-non-virtual-dtor -Wsuggest-override -Wno-comment    -Werror -Wstring-conversion -std=gnu++17 -o CMakeFiles/cmTC_e7aa9.dir/src.cxx.o -c /home/lyon/ws/MLC/mlir-tutorial/mlir-toy/CMakeFiles/CMakeTmp/src.cxx
c++: error: unrecognized command-line option '-Wstring-conversion'; did you mean '-Wsign-conversion'?
gmake[1]: *** [CMakeFiles/cmTC_e7aa9.dir/build.make:78: CMakeFiles/cmTC_e7aa9.dir/src.cxx.o] Error 1
gmake[1]: Leaving directory '/home/lyon/ws/MLC/mlir-tutorial/mlir-toy/CMakeFiles/CMakeTmp'
gmake: *** [Makefile:127: cmTC_e7aa9/fast] Error 2


Source file was:
int main() { return 0; }
Performing C SOURCE FILE Test C_SUPPORTS_CTAD_MAYBE_UNSPPORTED_FLAG failed with the following output:
Change Dir: /home/lyon/ws/MLC/mlir-tutorial/mlir-toy/CMakeFiles/CMakeTmp

Run Build Command(s):/usr/bin/gmake -f Makefile cmTC_7bc49/fast && /usr/bin/gmake  -f CMakeFiles/cmTC_7bc49.dir/build.make CMakeFiles/cmTC_7bc49.dir/build
gmake[1]: Entering directory '/home/lyon/ws/MLC/mlir-tutorial/mlir-toy/CMakeFiles/CMakeTmp'
Building C object CMakeFiles/cmTC_7bc49.dir/src.c.o
/usr/bin/cc -DC_SUPPORTS_CTAD_MAYBE_UNSPPORTED_FLAG  -fPIC -fno-semantic-interposition -Werror=date-time -fno-lifetime-dse -Wall -Wextra -Wno-unused-parameter -Wwrite-strings -Wcast-qual -Wno-missing-field-initializers -Wimplicit-fallthrough -Wno-comment    -Werror -Wctad-maybe-unsupported -o CMakeFiles/cmTC_7bc49.dir/src.c.o -c /home/lyon/ws/MLC/mlir-tutorial/mlir-toy/CMakeFiles/CMakeTmp/src.c
cc1: error: command-line option '-Wctad-maybe-unsupported' is valid for C++/ObjC++ but not for C [-Werror]
cc1: all warnings being treated as errors
gmake[1]: *** [CMakeFiles/cmTC_7bc49.dir/build.make:78: CMakeFiles/cmTC_7bc49.dir/src.c.o] Error 1
gmake[1]: Leaving directory '/home/lyon/ws/MLC/mlir-tutorial/mlir-toy/CMakeFiles/CMakeTmp'
gmake: *** [Makefile:127: cmTC_7bc49/fast] Error 2


Source file was:
int main(void) { return 0; }
Determining if the os_signpost_interval_begin exist failed with the following output:
Change Dir: /home/lyon/ws/MLC/mlir-tutorial/mlir-toy/CMakeFiles/CMakeTmp

Run Build Command(s):/usr/bin/gmake -f Makefile cmTC_87e4a/fast && /usr/bin/gmake  -f CMakeFiles/cmTC_87e4a.dir/build.make CMakeFiles/cmTC_87e4a.dir/build
gmake[1]: Entering directory '/home/lyon/ws/MLC/mlir-tutorial/mlir-toy/CMakeFiles/CMakeTmp'
Building C object CMakeFiles/cmTC_87e4a.dir/CheckSymbolExists.c.o
/usr/bin/cc   -fPIC -fno-semantic-interposition -fno-lifetime-dse -Wall -Wextra -Wno-unused-parameter -Wwrite-strings -Wcast-qual -Wno-missing-field-initializers -Wimplicit-fallthrough -Wno-comment -ffunction-sections -fdata-sections  -o CMakeFiles/cmTC_87e4a.dir/CheckSymbolExists.c.o -c /home/lyon/ws/MLC/mlir-tutorial/mlir-toy/CMakeFiles/CMakeTmp/CheckSymbolExists.c
/home/lyon/ws/MLC/mlir-tutorial/mlir-toy/CMakeFiles/CMakeTmp/CheckSymbolExists.c:2:10: fatal error: os/signpost.h: No such file or directory
    2 | #include <os/signpost.h>
      |          ^~~~~~~~~~~~~~~
compilation terminated.
gmake[1]: *** [CMakeFiles/cmTC_87e4a.dir/build.make:78: CMakeFiles/cmTC_87e4a.dir/CheckSymbolExists.c.o] Error 1
gmake[1]: Leaving directory '/home/lyon/ws/MLC/mlir-tutorial/mlir-toy/CMakeFiles/CMakeTmp'
gmake: *** [Makefile:127: cmTC_87e4a/fast] Error 2


File /home/lyon/ws/MLC/mlir-tutorial/mlir-toy/CMakeFiles/CMakeTmp/CheckSymbolExists.c:
/* */
#include <os/signpost.h>

int main(int argc, char** argv)
{
  (void)argv;
#ifndef os_signpost_interval_begin
  return ((int*)(&os_signpost_interval_begin))[argc];
#else
  (void)argc;
  return 0;
#endif
}
